<?xml version="1.0" encoding="UTF-8"?>
<testng-results ignored="0" total="3" passed="3" failed="0" skipped="0">
  <reporter-output>
  </reporter-output>
  <suite started-at="2023-05-24T13:59:08 PKT" name="Suite" finished-at="2023-05-24T13:59:19 PKT" duration-ms="10995">
    <groups>
    </groups>
    <test started-at="2023-05-24T13:59:08 PKT" name="Test" finished-at="2023-05-24T13:59:19 PKT" duration-ms="10995">
      <class name="com.ui.qa.testcases.LoginPageTest">
        <test-method is-config="true" signature="setUp()[pri:0, instance:com.ui.qa.testcases.LoginPageTest@3e2822]" started-at="2023-05-24T13:59:08 PKT" name="setUp" finished-at="2023-05-24T13:59:12 PKT" duration-ms="3944" status="PASS">
          <reporter-output>
          </reporter-output>
        </test-method> <!-- setUp -->
        <test-method signature="loginTest(java.lang.String,java.lang.String)[pri:1, instance:com.ui.qa.testcases.LoginPageTest@3e2822]" started-at="2023-05-24T13:59:12 PKT" name="loginTest" data-provider="getData" finished-at="2023-05-24T13:59:12 PKT" duration-ms="449" status="PASS">
          <params>
            <param index="0">
              <value>
                <![CDATA[standard_user]]>
              </value>
            </param>
            <param index="1">
              <value>
                <![CDATA[secret_sauce]]>
              </value>
            </param>
          </params>
          <reporter-output>
          </reporter-output>
        </test-method> <!-- loginTest -->
        <test-method is-config="true" signature="tearDown()[pri:0, instance:com.ui.qa.testcases.LoginPageTest@3e2822]" started-at="2023-05-24T13:59:12 PKT" name="tearDown" finished-at="2023-05-24T13:59:12 PKT" duration-ms="118" status="PASS">
          <reporter-output>
          </reporter-output>
        </test-method> <!-- tearDown -->
      </class> <!-- com.ui.qa.testcases.LoginPageTest -->
      <class name="com.ui.qa.testcases.InventoryPageTest">
        <test-method is-config="true" signature="setUp()[pri:0, instance:com.ui.qa.testcases.InventoryPageTest@1d9bec4d]" started-at="2023-05-24T13:59:12 PKT" name="setUp" finished-at="2023-05-24T13:59:15 PKT" duration-ms="2808" status="PASS">
          <reporter-output>
          </reporter-output>
        </test-method> <!-- setUp -->
        <test-method signature="validateInventoryPageHeader()[pri:1, instance:com.ui.qa.testcases.InventoryPageTest@1d9bec4d]" started-at="2023-05-24T13:59:15 PKT" name="validateInventoryPageHeader" finished-at="2023-05-24T13:59:15 PKT" duration-ms="44" status="PASS">
          <reporter-output>
          </reporter-output>
        </test-method> <!-- validateInventoryPageHeader -->
        <test-method is-config="true" signature="tearDown()[pri:0, instance:com.ui.qa.testcases.InventoryPageTest@1d9bec4d]" started-at="2023-05-24T13:59:15 PKT" name="tearDown" finished-at="2023-05-24T13:59:15 PKT" duration-ms="103" status="PASS">
          <reporter-output>
          </reporter-output>
        </test-method> <!-- tearDown -->
        <test-method is-config="true" signature="setUp()[pri:0, instance:com.ui.qa.testcases.InventoryPageTest@1d9bec4d]" started-at="2023-05-24T13:59:15 PKT" name="setUp" finished-at="2023-05-24T13:59:18 PKT" duration-ms="2759" status="PASS">
          <reporter-output>
          </reporter-output>
        </test-method> <!-- setUp -->
        <test-method signature="addAllItemsToCart()[pri:2, instance:com.ui.qa.testcases.InventoryPageTest@1d9bec4d]" started-at="2023-05-24T13:59:18 PKT" name="addAllItemsToCart" finished-at="2023-05-24T13:59:18 PKT" duration-ms="216" status="PASS">
          <reporter-output>
          </reporter-output>
        </test-method> <!-- addAllItemsToCart -->
        <test-method is-config="true" signature="tearDown()[pri:0, instance:com.ui.qa.testcases.InventoryPageTest@1d9bec4d]" started-at="2023-05-24T13:59:18 PKT" name="tearDown" finished-at="2023-05-24T13:59:19 PKT" duration-ms="104" status="PASS">
          <reporter-output>
          </reporter-output>
        </test-method> <!-- tearDown -->
      </class> <!-- com.ui.qa.testcases.InventoryPageTest -->
    </test> <!-- Test -->
  </suite> <!-- Suite -->
</testng-results>
