<?xml version="1.0" encoding="UTF-8"?>
<!-- Generated by org.testng.reporters.JUnitXMLReporter -->
<testsuite ignored="0" hostname="LPTP-421" failures="1" tests="3" name="Surefire test" time="9.519" errors="0" timestamp="2023-05-03T15:41:07 PKT">
  <testcase classname="com.ui.qa.testcases.HomePageTest" name="validateHomePageHeader" time="0.042"/>
  <testcase classname="com.ui.qa.testcases.LoginPageTest" name="loginTest" time="0.05">
    <failure type="java.lang.AssertionError" message="expected [Swag Labss] but found [Swag Labs]">
      <![CDATA[java.lang.AssertionError: expected [Swag Labss] but found [Swag Labs]
at com.ui.qa.testcases.LoginPageTest.loginTest(LoginPageTest.java:40)
at java.base/java.util.ArrayList.forEach(ArrayList.java:1541)
... Removed 38 stack frames]]>
    </failure>
  </testcase> <!-- loginTest -->
  <testcase classname="com.ui.qa.testcases.TestClass" name="test1" time="2.015"/>
</testsuite> <!-- Surefire test -->
