<?xml version="1.0" encoding="UTF-8"?>
<testng-results ignored="0" total="2" passed="2" failed="0" skipped="0">
  <reporter-output>
  </reporter-output>
  <suite started-at="2023-05-10T13:30:21 PKT" name="Suite" finished-at="2023-05-10T13:30:31 PKT" duration-ms="9508">
    <groups>
    </groups>
    <test started-at="2023-05-10T13:30:21 PKT" name="Test" finished-at="2023-05-10T13:30:31 PKT" duration-ms="9508">
      <class name="com.ui.qa.testcases.HomePageTest">
        <test-method is-config="true" signature="setUp()[pri:0, instance:com.ui.qa.testcases.HomePageTest@5aac4250]" started-at="2023-05-10T13:30:27 PKT" name="setUp" finished-at="2023-05-10T13:30:30 PKT" duration-ms="3057" status="PASS">
          <reporter-output>
          </reporter-output>
        </test-method> <!-- setUp -->
        <test-method signature="validateHomePageHeader()[pri:1, instance:com.ui.qa.testcases.HomePageTest@5aac4250]" started-at="2023-05-10T13:30:30 PKT" name="validateHomePageHeader" finished-at="2023-05-10T13:30:30 PKT" duration-ms="102" status="PASS">
          <reporter-output>
          </reporter-output>
        </test-method> <!-- validateHomePageHeader -->
        <test-method is-config="true" signature="tearDown()[pri:0, instance:com.ui.qa.testcases.HomePageTest@5aac4250]" started-at="2023-05-10T13:30:30 PKT" name="tearDown" finished-at="2023-05-10T13:30:31 PKT" duration-ms="155" status="PASS">
          <reporter-output>
          </reporter-output>
        </test-method> <!-- tearDown -->
      </class> <!-- com.ui.qa.testcases.HomePageTest -->
      <class name="com.ui.qa.testcases.LoginPageTest">
        <test-method is-config="true" signature="setUp()[pri:0, instance:com.ui.qa.testcases.LoginPageTest@232a7d73]" started-at="2023-05-10T13:30:22 PKT" name="setUp" finished-at="2023-05-10T13:30:27 PKT" duration-ms="4768" status="PASS">
          <reporter-output>
          </reporter-output>
        </test-method> <!-- setUp -->
        <test-method signature="loginTest(java.lang.String,java.lang.String)[pri:1, instance:com.ui.qa.testcases.LoginPageTest@232a7d73]" started-at="2023-05-10T13:30:27 PKT" name="loginTest" data-provider="getData" finished-at="2023-05-10T13:30:27 PKT" duration-ms="448" status="PASS">
          <params>
            <param index="0">
              <value>
                <![CDATA[standard_user]]>
              </value>
            </param>
            <param index="1">
              <value>
                <![CDATA[secret_sauce]]>
              </value>
            </param>
          </params>
          <reporter-output>
          </reporter-output>
        </test-method> <!-- loginTest -->
        <test-method is-config="true" signature="tearDown()[pri:0, instance:com.ui.qa.testcases.LoginPageTest@232a7d73]" started-at="2023-05-10T13:30:27 PKT" name="tearDown" finished-at="2023-05-10T13:30:27 PKT" duration-ms="159" status="PASS">
          <reporter-output>
          </reporter-output>
        </test-method> <!-- tearDown -->
      </class> <!-- com.ui.qa.testcases.LoginPageTest -->
    </test> <!-- Test -->
  </suite> <!-- Suite -->
</testng-results>
