<?xml version="1.0" encoding="UTF-8"?>
<testsuite xmlns:xsi="http://www.w3.org/2001/XMLSchema-instance" xsi:noNamespaceSchemaLocation="https://maven.apache.org/surefire/maven-surefire-plugin/xsd/surefire-test-report-3.0.xsd" version="3.0" name="TestSuite" time="10.653" tests="2" errors="0" skipped="0" failures="0">
  <properties>
[...]
</properties>
  <testcase name="loginTest[standard_user, secret_sauce](1)" classname="com.ui.qa.testcases.LoginPageTest" time="0.452">
    <system-out><![CDATA[2023-05-10 13:30:21 DEBUG PackageRelationshipCollection:309 - Parsing relationship: /xl/_rels/workbook.xml.rels
2023-05-10 13:30:21 DEBUG PackageRelationshipCollection:309 - Parsing relationship: /xl/worksheets/_rels/sheet1.xml.rels
2023-05-10 13:30:21 DEBUG PackageRelationshipCollection:309 - Parsing relationship: /_rels/.rels
2023-05-10 13:30:22 DEBUG POIXMLFactory:65 - using default POIXMLDocumentPart for http://schemas.openxmlformats.org/officeDocument/2006/relationships/printerSettings
2023-05-10 13:30:22 INFO  TestBase:25 - Setting Up Browser
2023-05-10 13:30:22 DEBUG InternalLoggerFactory:76 - Using Log4J2 as the default logging framework
2023-05-10 13:30:22 DEBUG ResourceLeakDetector:129 - -Dio.netty.leakDetection.level: simple
2023-05-10 13:30:22 DEBUG ResourceLeakDetector:130 - -Dio.netty.leakDetection.targetRecords: 4
2023-05-10 13:30:22 DEBUG ResourceLeakDetectorFactory:196 - Loaded default ResourceLeakDetector: io.netty.util.ResourceLeakDetector@312b34e3
2023-05-10 13:30:22 DEBUG PlatformDependent0:496 - -Dio.netty.noUnsafe: false
2023-05-10 13:30:22 DEBUG PlatformDependent0:1000 - Java version: 17
2023-05-10 13:30:22 DEBUG PlatformDependent0:137 - sun.misc.Unsafe.theUnsafe: available
2023-05-10 13:30:22 DEBUG PlatformDependent0:161 - sun.misc.Unsafe.copyMemory: available
2023-05-10 13:30:22 DEBUG PlatformDependent0:193 - sun.misc.Unsafe.storeFence: available
2023-05-10 13:30:22 DEBUG PlatformDependent0:236 - java.nio.Buffer.address: available
2023-05-10 13:30:22 DEBUG PlatformDependent0:320 - direct buffer constructor: unavailable: Reflective setAccessible(true) disabled
2023-05-10 13:30:22 DEBUG PlatformDependent0:385 - java.nio.Bits.unaligned: available, true
2023-05-10 13:30:22 DEBUG PlatformDependent0:452 - jdk.internal.misc.Unsafe.allocateUninitializedArray(int): unavailable: class io.netty.util.internal.PlatformDependent0$7 cannot access class jdk.internal.misc.Unsafe (in module java.base) because module java.base does not export jdk.internal.misc to unnamed module @4df50bcc
2023-05-10 13:30:22 DEBUG PlatformDependent0:482 - java.nio.DirectByteBuffer.<init>(long, int): unavailable
2023-05-10 13:30:22 DEBUG PlatformDependent:1159 - sun.misc.Unsafe: available
2023-05-10 13:30:22 DEBUG PlatformDependent:1270 - maxDirectMemory: 4217372672 bytes (maybe)
2023-05-10 13:30:22 DEBUG PlatformDependent:1289 - -Dio.netty.tmpdir: C:\Users\FAHAD~1.ZAM\AppData\Local\Temp (java.io.tmpdir)
2023-05-10 13:30:22 DEBUG PlatformDependent:1368 - -Dio.netty.bitMode: 64 (sun.arch.data.model)
2023-05-10 13:30:22 DEBUG PlatformDependent:1119 - Platform: Windows
2023-05-10 13:30:22 DEBUG PlatformDependent:178 - -Dio.netty.maxDirectMemory: -1 bytes
2023-05-10 13:30:22 DEBUG PlatformDependent:185 - -Dio.netty.uninitializedArrayAllocationThreshold: -1
2023-05-10 13:30:22 DEBUG CleanerJava9:71 - java.nio.ByteBuffer.cleaner(): available
2023-05-10 13:30:22 DEBUG PlatformDependent:205 - -Dio.netty.noPreferDirect: false
2023-05-10 13:30:22 DEBUG PlatformDependent:1010 - org.jctools-core.MpscChunkedArrayQueue: available
2023-05-10 13:30:22 DEBUG InternalThreadLocalMap:100 - -Dio.netty.threadLocalMap.stringBuilder.initialSize: 1024
2023-05-10 13:30:22 DEBUG InternalThreadLocalMap:101 - -Dio.netty.threadLocalMap.stringBuilder.maxSize: 4096
2023-05-10 13:30:22 DEBUG JdkSslContext:83 - Default protocols (JDK): [TLSv1.3, TLSv1.2] 
2023-05-10 13:30:22 DEBUG JdkSslContext:84 - Default cipher suites (JDK): [TLS_ECDHE_ECDSA_WITH_AES_256_GCM_SHA384, TLS_ECDHE_ECDSA_WITH_AES_128_GCM_SHA256, TLS_ECDHE_RSA_WITH_AES_128_GCM_SHA256, TLS_ECDHE_RSA_WITH_AES_256_GCM_SHA384, TLS_ECDHE_RSA_WITH_AES_128_CBC_SHA, TLS_ECDHE_RSA_WITH_AES_256_CBC_SHA, TLS_RSA_WITH_AES_128_GCM_SHA256, TLS_RSA_WITH_AES_128_CBC_SHA, TLS_RSA_WITH_AES_256_CBC_SHA, TLS_AES_128_GCM_SHA256, TLS_AES_256_GCM_SHA384]
2023-05-10 13:30:22 DEBUG GlobalEventExecutor:53 - -Dio.netty.globalEventExecutor.quietPeriodSeconds: 1
2023-05-10 13:30:22 DEBUG MultithreadEventLoopGroup:44 - -Dio.netty.eventLoopThreads: 16
2023-05-10 13:30:22 DEBUG NioEventLoop:110 - -Dio.netty.noKeySetOptimization: false
2023-05-10 13:30:22 DEBUG NioEventLoop:111 - -Dio.netty.selectorAutoRebuildThreshold: 512
2023-05-10 13:30:23 DEBUG PooledByteBufAllocator:157 - -Dio.netty.allocator.numHeapArenas: 16
2023-05-10 13:30:23 DEBUG PooledByteBufAllocator:158 - -Dio.netty.allocator.numDirectArenas: 16
2023-05-10 13:30:23 DEBUG PooledByteBufAllocator:160 - -Dio.netty.allocator.pageSize: 8192
2023-05-10 13:30:23 DEBUG PooledByteBufAllocator:165 - -Dio.netty.allocator.maxOrder: 9
2023-05-10 13:30:23 DEBUG PooledByteBufAllocator:169 - -Dio.netty.allocator.chunkSize: 4194304
2023-05-10 13:30:23 DEBUG PooledByteBufAllocator:170 - -Dio.netty.allocator.smallCacheSize: 256
2023-05-10 13:30:23 DEBUG PooledByteBufAllocator:171 - -Dio.netty.allocator.normalCacheSize: 64
2023-05-10 13:30:23 DEBUG PooledByteBufAllocator:172 - -Dio.netty.allocator.maxCachedBufferCapacity: 32768
2023-05-10 13:30:23 DEBUG PooledByteBufAllocator:173 - -Dio.netty.allocator.cacheTrimInterval: 8192
2023-05-10 13:30:23 DEBUG PooledByteBufAllocator:174 - -Dio.netty.allocator.cacheTrimIntervalMillis: 0
2023-05-10 13:30:23 DEBUG PooledByteBufAllocator:175 - -Dio.netty.allocator.useCacheForAllThreads: false
2023-05-10 13:30:23 DEBUG PooledByteBufAllocator:176 - -Dio.netty.allocator.maxCachedByteBuffersPerChunk: 1023
2023-05-10 13:30:23 DEBUG ByteBufUtil:88 - -Dio.netty.allocator.type: pooled
2023-05-10 13:30:23 DEBUG ByteBufUtil:97 - -Dio.netty.threadLocalDirectBufferSize: 0
2023-05-10 13:30:23 DEBUG ByteBufUtil:100 - -Dio.netty.maxThreadLocalCharBufferSize: 16384
2023-05-10 13:30:23 DEBUG DefaultChannelId:79 - -Dio.netty.processId: 6864 (auto-detected)
2023-05-10 13:30:23 DEBUG NetUtil:142 - -Djava.net.preferIPv4Stack: false
2023-05-10 13:30:23 DEBUG NetUtil:143 - -Djava.net.preferIPv6Addresses: false
2023-05-10 13:30:23 DEBUG NetUtilInitializations:145 - Loopback interface: lo (Software Loopback Interface 1, 127.0.0.1)
2023-05-10 13:30:23 DEBUG NetUtil:200 - Failed to get SOMAXCONN from sysctl and file \proc\sys\net\core\somaxconn. Default: 200
2023-05-10 13:30:23 DEBUG DefaultChannelId:101 - -Dio.netty.machineId: 54:14:f3:ff:fe:d9:7a:97 (auto-detected)
2023-05-10 13:30:23 DEBUG AbstractByteBuf:63 - -Dio.netty.buffer.checkAccessible: true
2023-05-10 13:30:23 DEBUG AbstractByteBuf:64 - -Dio.netty.buffer.checkBounds: true
2023-05-10 13:30:23 DEBUG ResourceLeakDetectorFactory:196 - Loaded default ResourceLeakDetector: io.netty.util.ResourceLeakDetector@5a9f9bb
2023-05-10 13:30:23 DEBUG Recycler:96 - -Dio.netty.recycler.maxCapacityPerThread: 4096
2023-05-10 13:30:23 DEBUG Recycler:97 - -Dio.netty.recycler.ratio: 8
2023-05-10 13:30:23 DEBUG Recycler:98 - -Dio.netty.recycler.chunkSize: 32
2023-05-10 13:30:23 DEBUG Recycler:99 - -Dio.netty.recycler.blocking: false
2023-05-10 13:30:23 DEBUG Recycler:100 - -Dio.netty.recycler.batchFastThreadLocalOnly: true
2023-05-10 13:30:24 DEBUG Brotli:38 - brotli4j not in the classpath; Brotli support will be unavailable.
2023-05-10 13:30:24 DEBUG ThreadLocalRandom:214 - -Dio.netty.initialSeedUniquifier: 0x63cf32ff08c6d3a0
C:\Users\Fahad.Zameer\eclipse-workspace\UITstAuto
2023-05-10 13:30:27 INFO  EventListener:17 - Click On: [[ChromeDriver: chrome on WINDOWS (a8703b46a2cbd6c8b8f0b1ea43f93de4)] -> xpath: //input[@name='login-button']]
Click On: [[ChromeDriver: chrome on WINDOWS (a8703b46a2cbd6c8b8f0b1ea43f93de4)] -> xpath: //input[@name='login-button']]
]]></system-out>
    <system-err><![CDATA[SLF4J: Failed to load class "org.slf4j.impl.StaticLoggerBinder".
SLF4J: Defaulting to no-operation (NOP) logger implementation
SLF4J: See http://www.slf4j.org/codes.html#StaticLoggerBinder for further details.
Starting ChromeDriver 113.0.5672.63 (0e1a4471d5ae5bf128b1bd8f4d627c8cbd55f70c-refs/branch-heads/5672@{#912}) on port 25404
Only local connections are allowed.
Please see https://chromedriver.chromium.org/security-considerations for suggestions on keeping ChromeDriver safe.
ChromeDriver was started successfully.
May 10, 2023 1:30:24 PM org.openqa.selenium.devtools.CdpVersionFinder findNearestMatch
WARNING: Unable to find an exact match for CDP version 113, so returning the closest version found: 111
]]></system-err>
  </testcase>
  <testcase name="validateHomePageHeader" classname="com.ui.qa.testcases.HomePageTest" time="0.098">
    <system-out><![CDATA[2023-05-10 13:30:30 INFO  EventListener:17 - Click On: [[ChromeDriver: chrome on WINDOWS (5035cf48d321b1e731df0f3afa92e995)] -> xpath: //input[@name='login-button']]
Click On: [[ChromeDriver: chrome on WINDOWS (5035cf48d321b1e731df0f3afa92e995)] -> xpath: //input[@name='login-button']]
]]></system-out>
    <system-err><![CDATA[Starting ChromeDriver 113.0.5672.63 (0e1a4471d5ae5bf128b1bd8f4d627c8cbd55f70c-refs/branch-heads/5672@{#912}) on port 10274
Only local connections are allowed.
Please see https://chromedriver.chromium.org/security-considerations for suggestions on keeping ChromeDriver safe.
ChromeDriver was started successfully.
May 10, 2023 1:30:28 PM org.openqa.selenium.devtools.CdpVersionFinder findNearestMatch
WARNING: Unable to find an exact match for CDP version 113, so returning the closest version found: 111
]]></system-err>
  </testcase>
</testsuite>