<?xml version="1.0" encoding="UTF-8"?>
<!-- Generated by org.testng.reporters.JUnitXMLReporter -->
<testsuite ignored="0" hostname="LPTP-421" failures="0" tests="3" name="Test" time="10.995" errors="0" timestamp="2023-05-24T13:59:19 PKT">
  <testcase classname="com.ui.qa.testcases.LoginPageTest" name="loginTest" time="0.449"/>
  <testcase classname="com.ui.qa.testcases.InventoryPageTest" name="validateInventoryPageHeader" time="0.044"/>
  <testcase classname="com.ui.qa.testcases.InventoryPageTest" name="addAllItemsToCart" time="0.216"/>
</testsuite> <!-- Test -->
